Arguments: 
  C:\Program Files\nodejs\node.exe D:\yarn\bin\yarn.js add type-script

PATH: 
  C:\Users\48603\Desktop\cmder\vendor\bin;C:\Users\48603\Desktop\cmder\vendor\git-for-windows\cmd;C:\Users\48603\Desktop\cmder\vendor\conemu-maximus5\ConEmu\Scripts;C:\Users\48603\Desktop\cmder\vendor\conemu-maximus5;C:\Users\48603\Desktop\cmder\vendor\conemu-maximus5\ConEmu;C:\Program Files (x86)\Intel\Intel(R) Management Engine Components\iCLS\;C:\Program Files\Intel\Intel(R) Management Engine Components\iCLS\;C:\Windows\system32;C:\Windows;C:\Windows\System32\Wbem;C:\Windows\System32\WindowsPowerShell\v1.0\;C:\Windows\System32\OpenSSH\;C:\Program Files (x86)\NVIDIA Corporation\PhysX\Common;C:\Program Files (x86)\Intel\Intel(R) Management Engine Components\DAL;C:\Program Files\Intel\Intel(R) Management Engine Components\DAL;C:\Program Files (x86)\Intel\Intel(R) Management Engine Components\IPT;C:\Program Files\Intel\Intel(R) Management Engine Components\IPT;C:\Program Files\Intel\WiFi\bin\;C:\Program Files\Common Files\Intel\WirelessCommon\;C:\Program Files\dotnet\;C:\Program Files\Microsoft SQL Server\130\Tools\Binn\;C:\Program Files\Microsoft SQL Server\Client SDK\ODBC\170\Tools\Binn\;D:\Brackets\command;C:\Program Files\nodejs\;D:\Git\cmd;C:\Program Files\Java\jdk-12.0.1\bin;C:\Gradle\gradle-5.6.1-bin\gradle-5.6.1\bin;C:\WINDOWS\system32;C:\WINDOWS;C:\WINDOWS\System32\Wbem;C:\WINDOWS\System32\WindowsPowerShell\v1.0\;C:\WINDOWS\System32\OpenSSH\;D:\wamp64\bin\php\php7.3.5;C:\Program Files\Perforce\;C:\Program Files\Microsoft SQL Server\Client SDK\ODBC\130\Tools\Binn\;C:\Program Files (x86)\Microsoft SQL Server\140\Tools\Binn\;C:\Program Files\Microsoft SQL Server\140\Tools\Binn\;C:\Program Files\Microsoft SQL Server\140\DTS\Binn\;C:\Program Files (x86)\Microsoft SQL Server\150\DTS\Binn\;C:\Program Files\Common Files\Datawatch\Drivers\7.1.5\jre\bin;C:\Program Files\Common Files\Datawatch\Drivers\7.1.5\jre\bin\server;D:\yarn\bin\;C:\Users\48603\AppData\Local\Microsoft\WindowsApps;C:\Users\48603\AppData\Roaming\npm;C:\Users\48603\AppData\Local\Programs\Microsoft VS Code\bin;C:\Users\48603\PyCharm Community Edition 2019.1.3\bin;C:\Program Files\JetBrains\IntelliJ IDEA Community Edition 2019.1.3\bin;C:\Users\48603\.dotnet\tools;C:\Users\48603\AppData\Local\Microsoft\WindowsApps;C:\Program Files\JetBrains\PhpStorm 2019.2.3\bin;D:\wamp64\bin\php\php7.3.5;C:\Program Files\JetBrains\JetBrains Rider 2019.3.1\bin;D:\Program Files\Docker Toolbox;C:\Program Files (x86)\Android\android-sdk\platform-tools;C:\Users\48603\AppData\Local\Yarn\bin;C:\Program Files\JetBrains\WebStorm 2020.2.3\bin;C:\Users\48603\Desktop\cmder\vendor\git-for-windows\mingw64\bin;C:\Users\48603\Desktop\cmder\vendor\git-for-windows\usr\bin;C:\Users\48603\Desktop\cmder

Yarn version: 
  1.22.5

Node version: 
  10.16.0

Platform: 
  win32 x64

Trace: 
  Error: https://registry.yarnpkg.com/type-script: Not found
      at Request.params.callback [as _callback] (D:\yarn\lib\cli.js:66097:18)
      at Request.self.callback (D:\yarn\lib\cli.js:140749:22)
      at Request.emit (events.js:198:13)
      at Request.<anonymous> (D:\yarn\lib\cli.js:141721:10)
      at Request.emit (events.js:198:13)
      at IncomingMessage.<anonymous> (D:\yarn\lib\cli.js:141643:12)
      at Object.onceWrapper (events.js:286:20)
      at IncomingMessage.emit (events.js:203:15)
      at endReadableNT (_stream_readable.js:1129:12)
      at process._tickCallback (internal/process/next_tick.js:63:19)

npm manifest: 
  {
    "name": "collard_admin_models",
    "version": "1.0.0",
    "dependencies": {
    },
    "scripts": {
      "build": "tsc build"
    }
  }

yarn manifest: 
  No manifest

Lockfile: 
  No lockfile
